Windows 32-bit Install
------------------------------------------------------------------------------------
Checking for existing PDF printer
------------------------------------------------------------------------------------
Copying acfpdfu.dll file
------------------------------------------------------------------------------------
Copying acfpdfui.dll file
------------------------------------------------------------------------------------
Copying acfpdf.txt file
------------------------------------------------------------------------------------
Copying cdintf.dll file
------------------------------------------------------------------------------------
Copying cdintf.dll file
------------------------------------------------------------------------------------
Copying xmllite.dll file
------------------------------------------------------------------------------------
Installing Amyuni PDF printer driver
------------------------------------------------------------------------------------
Installing Amyuni PDF printer
------------------------------------------------------------------------------------
Installing Licensing Information
------------------------------------------------------------------------------------
Printer setup succeeded
------------------------------------------------------------------------------------
Launch 'Install -u' to uninstall
------------------------------------------------------------------------------------
